Determining if the pthread_create exist failed with the following output:
Change Dir: /home/khkim/workspace/BRL/open3d/first_run/build/CMakeFiles/CMakeTmp

Run Build Command:"/usr/bin/make" "cmTC_a400c/fast"
/usr/bin/make -f CMakeFiles/cmTC_a400c.dir/build.make CMakeFiles/cmTC_a400c.dir/build
make[1]: 디렉터리 '/home/khkim/workspace/BRL/open3d/first_run/build/CMakeFiles/CMakeTmp' 들어감
Building C object CMakeFiles/cmTC_a400c.dir/CheckSymbolExists.c.o
/usr/bin/cc     -o CMakeFiles/cmTC_a400c.dir/CheckSymbolExists.c.o   -c /home/khkim/workspace/BRL/open3d/first_run/build/CMakeFiles/CMakeTmp/CheckSymbolExists.c
Linking C executable cmTC_a400c
/usr/bin/cmake -E cmake_link_script CMakeFiles/cmTC_a400c.dir/link.txt --verbose=1
/usr/bin/cc       CMakeFiles/cmTC_a400c.dir/CheckSymbolExists.c.o  -o cmTC_a400c -rdynamic 
CMakeFiles/cmTC_a400c.dir/CheckSymbolExists.c.o: In function `main':
CheckSymbolExists.c:(.text+0x16): undefined reference to `pthread_create'
collect2: error: ld returned 1 exit status
CMakeFiles/cmTC_a400c.dir/build.make:97: 'cmTC_a400c' 타겟에 대한 명령이 실패했습니다
make[1]: *** [cmTC_a400c] 오류 1
make[1]: 디렉터리 '/home/khkim/workspace/BRL/open3d/first_run/build/CMakeFiles/CMakeTmp' 나감
Makefile:126: 'cmTC_a400c/fast' 타겟에 대한 명령이 실패했습니다
make: *** [cmTC_a400c/fast] 오류 2

File /home/khkim/workspace/BRL/open3d/first_run/build/CMakeFiles/CMakeTmp/CheckSymbolExists.c:
/* */
#include <pthread.h>

int main(int argc, char** argv)
{
  (void)argv;
#ifndef pthread_create
  return ((int*)(&pthread_create))[argc];
#else
  (void)argc;
  return 0;
#endif
}

Determining if the function pthread_create exists in the pthreads failed with the following output:
Change Dir: /home/khkim/workspace/BRL/open3d/first_run/build/CMakeFiles/CMakeTmp

Run Build Command:"/usr/bin/make" "cmTC_032e2/fast"
/usr/bin/make -f CMakeFiles/cmTC_032e2.dir/build.make CMakeFiles/cmTC_032e2.dir/build
make[1]: 디렉터리 '/home/khkim/workspace/BRL/open3d/first_run/build/CMakeFiles/CMakeTmp' 들어감
Building C object CMakeFiles/cmTC_032e2.dir/CheckFunctionExists.c.o
/usr/bin/cc    -DCHECK_FUNCTION_EXISTS=pthread_create   -o CMakeFiles/cmTC_032e2.dir/CheckFunctionExists.c.o   -c /usr/share/cmake-3.5/Modules/CheckFunctionExists.c
Linking C executable cmTC_032e2
/usr/bin/cmake -E cmake_link_script CMakeFiles/cmTC_032e2.dir/link.txt --verbose=1
/usr/bin/cc   -DCHECK_FUNCTION_EXISTS=pthread_create    CMakeFiles/cmTC_032e2.dir/CheckFunctionExists.c.o  -o cmTC_032e2 -rdynamic -lpthreads 
/usr/bin/ld: cannot find -lpthreads
collect2: error: ld returned 1 exit status
CMakeFiles/cmTC_032e2.dir/build.make:97: 'cmTC_032e2' 타겟에 대한 명령이 실패했습니다
make[1]: *** [cmTC_032e2] 오류 1
make[1]: 디렉터리 '/home/khkim/workspace/BRL/open3d/first_run/build/CMakeFiles/CMakeTmp' 나감
Makefile:126: 'cmTC_032e2/fast' 타겟에 대한 명령이 실패했습니다
make: *** [cmTC_032e2/fast] 오류 2


