Determining if the pthread_create exist failed with the following output:
Change Dir: /home/khkim/workspace/BRL/pcl/segmentation/region_growing/build2/CMakeFiles/CMakeTmp

Run Build Command:"/usr/bin/make" "cmTC_183cb/fast"
/usr/bin/make -f CMakeFiles/cmTC_183cb.dir/build.make CMakeFiles/cmTC_183cb.dir/build
make[1]: Entering directory '/home/khkim/workspace/BRL/pcl/segmentation/region_growing/build2/CMakeFiles/CMakeTmp'
Building C object CMakeFiles/cmTC_183cb.dir/CheckSymbolExists.c.o
/usr/bin/cc     -o CMakeFiles/cmTC_183cb.dir/CheckSymbolExists.c.o   -c /home/khkim/workspace/BRL/pcl/segmentation/region_growing/build2/CMakeFiles/CMakeTmp/CheckSymbolExists.c
Linking C executable cmTC_183cb
/usr/bin/cmake -E cmake_link_script CMakeFiles/cmTC_183cb.dir/link.txt --verbose=1
/usr/bin/cc       CMakeFiles/cmTC_183cb.dir/CheckSymbolExists.c.o  -o cmTC_183cb -rdynamic 
CMakeFiles/cmTC_183cb.dir/CheckSymbolExists.c.o: In function `main':
CheckSymbolExists.c:(.text+0x16): undefined reference to `pthread_create'
collect2: error: ld returned 1 exit status
CMakeFiles/cmTC_183cb.dir/build.make:97: recipe for target 'cmTC_183cb' failed
make[1]: *** [cmTC_183cb] Error 1
make[1]: Leaving directory '/home/khkim/workspace/BRL/pcl/segmentation/region_growing/build2/CMakeFiles/CMakeTmp'
Makefile:126: recipe for target 'cmTC_183cb/fast' failed
make: *** [cmTC_183cb/fast] Error 2

File /home/khkim/workspace/BRL/pcl/segmentation/region_growing/build2/CMakeFiles/CMakeTmp/CheckSymbolExists.c:
/* */
#include <pthread.h>

int main(int argc, char** argv)
{
  (void)argv;
#ifndef pthread_create
  return ((int*)(&pthread_create))[argc];
#else
  (void)argc;
  return 0;
#endif
}

Determining if the function pthread_create exists in the pthreads failed with the following output:
Change Dir: /home/khkim/workspace/BRL/pcl/segmentation/region_growing/build2/CMakeFiles/CMakeTmp

Run Build Command:"/usr/bin/make" "cmTC_a929c/fast"
/usr/bin/make -f CMakeFiles/cmTC_a929c.dir/build.make CMakeFiles/cmTC_a929c.dir/build
make[1]: Entering directory '/home/khkim/workspace/BRL/pcl/segmentation/region_growing/build2/CMakeFiles/CMakeTmp'
Building C object CMakeFiles/cmTC_a929c.dir/CheckFunctionExists.c.o
/usr/bin/cc    -DCHECK_FUNCTION_EXISTS=pthread_create   -o CMakeFiles/cmTC_a929c.dir/CheckFunctionExists.c.o   -c /usr/share/cmake-3.5/Modules/CheckFunctionExists.c
Linking C executable cmTC_a929c
/usr/bin/cmake -E cmake_link_script CMakeFiles/cmTC_a929c.dir/link.txt --verbose=1
/usr/bin/cc   -DCHECK_FUNCTION_EXISTS=pthread_create    CMakeFiles/cmTC_a929c.dir/CheckFunctionExists.c.o  -o cmTC_a929c -rdynamic -lpthreads 
/usr/bin/ld: cannot find -lpthreads
collect2: error: ld returned 1 exit status
CMakeFiles/cmTC_a929c.dir/build.make:97: recipe for target 'cmTC_a929c' failed
make[1]: *** [cmTC_a929c] Error 1
make[1]: Leaving directory '/home/khkim/workspace/BRL/pcl/segmentation/region_growing/build2/CMakeFiles/CMakeTmp'
Makefile:126: recipe for target 'cmTC_a929c/fast' failed
make: *** [cmTC_a929c/fast] Error 2


