Determining if the pthread_create exist failed with the following output:
Change Dir: /home/khkim/pcl-project/surface/convex_hull/build/CMakeFiles/CMakeTmp

Run Build Command:"/usr/bin/make" "cmTC_884ba/fast"
/usr/bin/make -f CMakeFiles/cmTC_884ba.dir/build.make CMakeFiles/cmTC_884ba.dir/build
make[1]: Entering directory '/home/khkim/pcl-project/surface/convex_hull/build/CMakeFiles/CMakeTmp'
Building C object CMakeFiles/cmTC_884ba.dir/CheckSymbolExists.c.o
/usr/bin/cc     -o CMakeFiles/cmTC_884ba.dir/CheckSymbolExists.c.o   -c /home/khkim/pcl-project/surface/convex_hull/build/CMakeFiles/CMakeTmp/CheckSymbolExists.c
Linking C executable cmTC_884ba
/usr/bin/cmake -E cmake_link_script CMakeFiles/cmTC_884ba.dir/link.txt --verbose=1
/usr/bin/cc       CMakeFiles/cmTC_884ba.dir/CheckSymbolExists.c.o  -o cmTC_884ba -rdynamic 
CMakeFiles/cmTC_884ba.dir/CheckSymbolExists.c.o: In function `main':
CheckSymbolExists.c:(.text+0x16): undefined reference to `pthread_create'
collect2: error: ld returned 1 exit status
CMakeFiles/cmTC_884ba.dir/build.make:97: recipe for target 'cmTC_884ba' failed
make[1]: *** [cmTC_884ba] Error 1
make[1]: Leaving directory '/home/khkim/pcl-project/surface/convex_hull/build/CMakeFiles/CMakeTmp'
Makefile:126: recipe for target 'cmTC_884ba/fast' failed
make: *** [cmTC_884ba/fast] Error 2

File /home/khkim/pcl-project/surface/convex_hull/build/CMakeFiles/CMakeTmp/CheckSymbolExists.c:
/* */
#include <pthread.h>

int main(int argc, char** argv)
{
  (void)argv;
#ifndef pthread_create
  return ((int*)(&pthread_create))[argc];
#else
  (void)argc;
  return 0;
#endif
}

Determining if the function pthread_create exists in the pthreads failed with the following output:
Change Dir: /home/khkim/pcl-project/surface/convex_hull/build/CMakeFiles/CMakeTmp

Run Build Command:"/usr/bin/make" "cmTC_88cd1/fast"
/usr/bin/make -f CMakeFiles/cmTC_88cd1.dir/build.make CMakeFiles/cmTC_88cd1.dir/build
make[1]: Entering directory '/home/khkim/pcl-project/surface/convex_hull/build/CMakeFiles/CMakeTmp'
Building C object CMakeFiles/cmTC_88cd1.dir/CheckFunctionExists.c.o
/usr/bin/cc    -DCHECK_FUNCTION_EXISTS=pthread_create   -o CMakeFiles/cmTC_88cd1.dir/CheckFunctionExists.c.o   -c /usr/share/cmake-3.5/Modules/CheckFunctionExists.c
Linking C executable cmTC_88cd1
/usr/bin/cmake -E cmake_link_script CMakeFiles/cmTC_88cd1.dir/link.txt --verbose=1
/usr/bin/cc   -DCHECK_FUNCTION_EXISTS=pthread_create    CMakeFiles/cmTC_88cd1.dir/CheckFunctionExists.c.o  -o cmTC_88cd1 -rdynamic -lpthreads 
/usr/bin/ld: cannot find -lpthreads
collect2: error: ld returned 1 exit status
CMakeFiles/cmTC_88cd1.dir/build.make:97: recipe for target 'cmTC_88cd1' failed
make[1]: *** [cmTC_88cd1] Error 1
make[1]: Leaving directory '/home/khkim/pcl-project/surface/convex_hull/build/CMakeFiles/CMakeTmp'
Makefile:126: recipe for target 'cmTC_88cd1/fast' failed
make: *** [cmTC_88cd1/fast] Error 2


