Outer window is 0x4000001, inner window is 0x4000002

PropertyNotify event, serial 8, synthetic NO, window 0x4000001,
    atom 0x27 (WM_NAME), time 4466232, state PropertyNewValue

PropertyNotify event, serial 9, synthetic NO, window 0x4000001,
    atom 0x22 (WM_COMMAND), time 4466232, state PropertyNewValue

PropertyNotify event, serial 10, synthetic NO, window 0x4000001,
    atom 0x28 (WM_NORMAL_HINTS), time 4466232, state PropertyNewValue

CreateNotify event, serial 11, synthetic NO, window 0x4000001,
    parent 0x4000001, window 0x4000002, (10,10), width 50, height 50
border_width 4, override NO

PropertyNotify event, serial 14, synthetic NO, window 0x4000001,
    atom 0x13b (WM_PROTOCOLS), time 4466232, state PropertyNewValue

MapNotify event, serial 15, synthetic NO, window 0x4000001,
    event 0x4000001, window 0x4000002, override NO

PropertyNotify event, serial 28, synthetic NO, window 0x4000001,
    atom 0x1d1 (_NET_WM_ALLOWED_ACTIONS), time 4466233, state PropertyNewValue

ConfigureNotify event, serial 29, synthetic NO, window 0x4000001,
    event 0x4000001, window 0x4000001, (0,0), width 178, height 178,
    border_width 0, above 0xe00009, override NO

ReparentNotify event, serial 29, synthetic NO, window 0x4000001,
    event 0x4000001, window 0x4000001, parent 0xe0bb83,
    (0,0), override NO

ConfigureNotify event, serial 29, synthetic YES, window 0x4000001,
    event 0x4000001, window 0x4000001, (65,462), width 178, height 178,
    border_width 0, above 0x0, override NO

ConfigureNotify event, serial 29, synthetic YES, window 0x4000001,
    event 0x4000001, window 0x4000001, (65,462), width 178, height 178,
    border_width 0, above 0x0, override NO

MapNotify event, serial 29, synthetic NO, window 0x4000001,
    event 0x4000001, window 0x4000001, override NO

VisibilityNotify event, serial 29, synthetic NO, window 0x4000001,
    state VisibilityUnobscured

Expose event, serial 29, synthetic NO, window 0x4000001,
    (0,0), width 178, height 10, count 3

Expose event, serial 29, synthetic NO, window 0x4000001,
    (0,10), width 10, height 58, count 2

Expose event, serial 29, synthetic NO, window 0x4000001,
    (68,10), width 110, height 58, count 1

Expose event, serial 29, synthetic NO, window 0x4000001,
    (0,68), width 178, height 110, count 0

PropertyNotify event, serial 29, synthetic NO, window 0x4000001,
    atom 0x149 (_NET_WM_STATE), time 4466243, state PropertyNewValue

FocusIn event, serial 29, synthetic NO, window 0x4000001,
    mode NotifyNormal, detail NotifyNonlinear

KeymapNotify event, serial 29, synthetic NO, window 0x0,
    keys:  68  0   0   0   16  0   0   0   0   0   0   0   0   0   0   0   
           0   0   0   0   0   0   0   0   0   0   0   0   0   0   0   0   

PropertyNotify event, serial 29, synthetic NO, window 0x4000001,
    atom 0x143 (_NET_WM_DESKTOP), time 4466243, state PropertyNewValue

PropertyNotify event, serial 31, synthetic NO, window 0x4000001,
    atom 0x174 (WM_STATE), time 4466243, state PropertyNewValue

VisibilityNotify event, serial 32, synthetic NO, window 0x4000001,
    state VisibilityPartiallyObscured

ConfigureNotify event, serial 32, synthetic YES, window 0x4000001,
    event 0x4000001, window 0x4000001, (65,490), width 178, height 178,
    border_width 0, above 0x0, override NO

VisibilityNotify event, serial 32, synthetic NO, window 0x4000001,
    state VisibilityUnobscured

Expose event, serial 32, synthetic NO, window 0x4000001,
    (168,0), width 10, height 140, count 1

Expose event, serial 32, synthetic NO, window 0x4000001,
    (0,140), width 178, height 38, count 0

PropertyNotify event, serial 32, synthetic NO, window 0x4000001,
    atom 0x1d1 (_NET_WM_ALLOWED_ACTIONS), time 4466244, state PropertyNewValue

PropertyNotify event, serial 32, synthetic NO, window 0x4000001,
    atom 0x140 (_NET_FRAME_EXTENTS), time 4466244, state PropertyNewValue

PropertyNotify event, serial 33, synthetic NO, window 0x4000001,
    atom 0x149 (_NET_WM_STATE), time 4466250, state PropertyNewValue

PropertyNotify event, serial 33, synthetic NO, window 0x4000001,
    atom 0x149 (_NET_WM_STATE), time 4466251, state PropertyNewValue

KeyRelease event, serial 33, synthetic NO, window 0x4000001,
    root 0x20b, subw 0x0, time 4466273, (479,-98), root:(544,392),
    state 0x0, keycode 36 (keysym 0xff0d, Return), same_screen YES,
    XLookupString gives 1 bytes: (0d) ""
    XFilterEvent returns: False

PropertyNotify event, serial 36, synthetic NO, window 0x4000001,
    atom 0x1d4 (_NET_WM_ICON_GEOMETRY), time 4466298, state PropertyNewValue

PropertyNotify event, serial 36, synthetic NO, window 0x4000001,
    atom 0x1d4 (_NET_WM_ICON_GEOMETRY), time 4466298, state PropertyNewValue

PropertyNotify event, serial 37, synthetic NO, window 0x4000001,
    atom 0x1d4 (_NET_WM_ICON_GEOMETRY), time 4466900, state PropertyNewValue

EnterNotify event, serial 37, synthetic NO, window 0x4000001,
    root 0x20b, subw 0x0, time 4473569, (164,23), root:(229,513),
    mode NotifyNormal, detail NotifyNonlinear, same_screen YES,
    focus YES, state 0

KeymapNotify event, serial 37, synthetic NO, window 0x0,
    keys:  4294967252 0   0   0   0   0   0   0   0   0   0   0   0   0   0   0   
           0   0   0   0   0   0   0   0   0   0   0   0   0   0   0   0   

MotionNotify event, serial 37, synthetic NO, window 0x4000001,
    root 0x20b, subw 0x0, time 4473569, (164,23), root:(229,513),
    state 0x0, is_hint 0, same_screen YES

MotionNotify event, serial 37, synthetic NO, window 0x4000001,
    root 0x20b, subw 0x0, time 4473577, (147,25), root:(212,515),
    state 0x0, is_hint 0, same_screen YES

MotionNotify event, serial 37, synthetic NO, window 0x4000001,
    root 0x20b, subw 0x0, time 4473585, (131,25), root:(196,515),
    state 0x0, is_hint 0, same_screen YES

MotionNotify event, serial 37, synthetic NO, window 0x4000001,
    root 0x20b, subw 0x0, time 4473593, (117,25), root:(182,515),
    state 0x0, is_hint 0, same_screen YES

MotionNotify event, serial 37, synthetic NO, window 0x4000001,
    root 0x20b, subw 0x0, time 4473601, (103,25), root:(168,515),
    state 0x0, is_hint 0, same_screen YES

MotionNotify event, serial 37, synthetic NO, window 0x4000001,
    root 0x20b, subw 0x0, time 4473609, (90,25), root:(155,515),
    state 0x0, is_hint 0, same_screen YES

MotionNotify event, serial 37, synthetic NO, window 0x4000001,
    root 0x20b, subw 0x0, time 4473617, (74,25), root:(139,515),
    state 0x0, is_hint 0, same_screen YES

LeaveNotify event, serial 37, synthetic NO, window 0x4000001,
    root 0x20b, subw 0x0, time 4473625, (62,25), root:(127,515),
    mode NotifyNormal, detail NotifyInferior, same_screen YES,
    focus YES, state 0

MotionNotify event, serial 37, synthetic NO, window 0x4000001,
    root 0x20b, subw 0x4000002, time 4473625, (62,25), root:(127,515),
    state 0x0, is_hint 0, same_screen YES

MotionNotify event, serial 37, synthetic NO, window 0x4000001,
    root 0x20b, subw 0x4000002, time 4473633, (51,25), root:(116,515),
    state 0x0, is_hint 0, same_screen YES

MotionNotify event, serial 37, synthetic NO, window 0x4000001,
    root 0x20b, subw 0x4000002, time 4473641, (41,25), root:(106,515),
    state 0x0, is_hint 0, same_screen YES

MotionNotify event, serial 37, synthetic NO, window 0x4000001,
    root 0x20b, subw 0x4000002, time 4473649, (32,25), root:(97,515),
    state 0x0, is_hint 0, same_screen YES

MotionNotify event, serial 37, synthetic NO, window 0x4000001,
    root 0x20b, subw 0x4000002, time 4473657, (25,25), root:(90,515),
    state 0x0, is_hint 0, same_screen YES

MotionNotify event, serial 37, synthetic NO, window 0x4000001,
    root 0x20b, subw 0x4000002, time 4473665, (20,25), root:(85,515),
    state 0x0, is_hint 0, same_screen YES

MotionNotify event, serial 37, synthetic NO, window 0x4000001,
    root 0x20b, subw 0x4000002, time 4473673, (18,24), root:(83,514),
    state 0x0, is_hint 0, same_screen YES

MotionNotify event, serial 37, synthetic NO, window 0x4000001,
    root 0x20b, subw 0x4000002, time 4473737, (16,23), root:(81,513),
    state 0x0, is_hint 0, same_screen YES

MotionNotify event, serial 37, synthetic NO, window 0x4000001,
    root 0x20b, subw 0x4000002, time 4473745, (15,22), root:(80,512),
    state 0x0, is_hint 0, same_screen YES

MotionNotify event, serial 37, synthetic NO, window 0x4000001,
    root 0x20b, subw 0x4000002, time 4473753, (14,21), root:(79,511),
    state 0x0, is_hint 0, same_screen YES

MotionNotify event, serial 37, synthetic NO, window 0x4000001,
    root 0x20b, subw 0x4000002, time 4473761, (12,19), root:(77,509),
    state 0x0, is_hint 0, same_screen YES

MotionNotify event, serial 37, synthetic NO, window 0x4000001,
    root 0x20b, subw 0x4000002, time 4473769, (11,17), root:(76,507),
    state 0x0, is_hint 0, same_screen YES

MotionNotify event, serial 37, synthetic NO, window 0x4000001,
    root 0x20b, subw 0x4000002, time 4473777, (10,16), root:(75,506),
    state 0x0, is_hint 0, same_screen YES

MotionNotify event, serial 37, synthetic NO, window 0x4000001,
    root 0x20b, subw 0x4000002, time 4473785, (10,14), root:(75,504),
    state 0x0, is_hint 0, same_screen YES

EnterNotify event, serial 37, synthetic NO, window 0x4000001,
    root 0x20b, subw 0x0, time 4473793, (9,13), root:(74,503),
    mode NotifyNormal, detail NotifyInferior, same_screen YES,
    focus YES, state 0

KeymapNotify event, serial 37, synthetic NO, window 0x0,
    keys:  11  0   0   0   0   0   0   0   0   0   0   0   0   0   0   0   
           0   0   0   0   0   0   0   0   0   0   0   0   0   0   0   0   

MotionNotify event, serial 37, synthetic NO, window 0x4000001,
    root 0x20b, subw 0x0, time 4473793, (9,13), root:(74,503),
    state 0x0, is_hint 0, same_screen YES

MotionNotify event, serial 37, synthetic NO, window 0x4000001,
    root 0x20b, subw 0x0, time 4473801, (9,11), root:(74,501),
    state 0x0, is_hint 0, same_screen YES

MotionNotify event, serial 37, synthetic NO, window 0x4000001,
    root 0x20b, subw 0x0, time 4473809, (9,9), root:(74,499),
    state 0x0, is_hint 0, same_screen YES

MotionNotify event, serial 37, synthetic NO, window 0x4000001,
    root 0x20b, subw 0x0, time 4473817, (9,8), root:(74,498),
    state 0x0, is_hint 0, same_screen YES

MotionNotify event, serial 37, synthetic NO, window 0x4000001,
    root 0x20b, subw 0x0, time 4473825, (9,6), root:(74,496),
    state 0x0, is_hint 0, same_screen YES

MotionNotify event, serial 37, synthetic NO, window 0x4000001,
    root 0x20b, subw 0x0, time 4473833, (9,5), root:(74,495),
    state 0x0, is_hint 0, same_screen YES

MotionNotify event, serial 37, synthetic NO, window 0x4000001,
    root 0x20b, subw 0x0, time 4473841, (10,3), root:(75,493),
    state 0x0, is_hint 0, same_screen YES

MotionNotify event, serial 37, synthetic NO, window 0x4000001,
    root 0x20b, subw 0x0, time 4473849, (10,2), root:(75,492),
    state 0x0, is_hint 0, same_screen YES

LeaveNotify event, serial 37, synthetic NO, window 0x4000001,
    root 0x20b, subw 0x0, time 4473857, (11,-1), root:(76,489),
    mode NotifyNormal, detail NotifyNonlinear, same_screen YES,
    focus YES, state 0

ClientMessage event, serial 37, synthetic YES, window 0x4000001,
    message_type 0x13b (WM_PROTOCOLS), format 32, message 0x139 (WM_DELETE_WINDOW)
